{"total": {"lines":{"total":155,"covered":131,"skipped":0,"pct":84.51},"statements":{"total":165,"covered":140,"skipped":0,"pct":84.84},"functions":{"total":49,"covered":38,"skipped":0,"pct":77.55},"branches":{"total":137,"covered":85,"skipped":0,"pct":62.04},"branchesTrue":{"total":0,"covered":0,"skipped":0,"pct":100}}
,"/app/src/app/page.tsx": {"lines":{"total":30,"covered":20,"skipped":0,"pct":66.66},"functions":{"total":6,"covered":4,"skipped":0,"pct":66.66},"statements":{"total":30,"covered":20,"skipped":0,"pct":66.66},"branches":{"total":44,"covered":13,"skipped":0,"pct":29.54}}
,"/app/src/app/requester/requests/new/page.tsx": {"lines":{"total":45,"covered":38,"skipped":0,"pct":84.44},"functions":{"total":14,"covered":10,"skipped":0,"pct":71.42},"statements":{"total":52,"covered":45,"skipped":0,"pct":86.53},"branches":{"total":25,"covered":19,"skipped":0,"pct":76}}
,"/app/src/components/Login.tsx": {"lines":{"total":18,"covered":18,"skipped":0,"pct":100},"functions":{"total":4,"covered":4,"skipped":0,"pct":100},"statements":{"total":18,"covered":18,"skipped":0,"pct":100},"branches":{"total":7,"covered":6,"skipped":0,"pct":85.71}}
,"/app/src/components/Navbar.tsx": {"lines":{"total":24,"covered":17,"skipped":0,"pct":70.83},"functions":{"total":8,"covered":3,"skipped":0,"pct":37.5},"statements":{"total":25,"covered":17,"skipped":0,"pct":68},"branches":{"total":33,"covered":25,"skipped":0,"pct":75.75}}
,"/app/src/components/common/ToggleSwitch.tsx": {"lines":{"total":4,"covered":4,"skipped":0,"pct":100},"functions":{"total":2,"covered":2,"skipped":0,"pct":100},"statements":{"total":4,"covered":4,"skipped":0,"pct":100},"branches":{"total":10,"covered":10,"skipped":0,"pct":100}}
,"/app/src/components/kanban/KanbanBoard.tsx": {"lines":{"total":16,"covered":16,"skipped":0,"pct":100},"functions":{"total":7,"covered":7,"skipped":0,"pct":100},"statements":{"total":17,"covered":17,"skipped":0,"pct":100},"branches":{"total":2,"covered":1,"skipped":0,"pct":50}}
,"/app/src/components/kanban/KanbanCard.tsx": {"lines":{"total":13,"covered":13,"skipped":0,"pct":100},"functions":{"total":5,"covered":5,"skipped":0,"pct":100},"statements":{"total":14,"covered":14,"skipped":0,"pct":100},"branches":{"total":10,"covered":7,"skipped":0,"pct":70}}
,"/app/src/components/kanban/KanbanColumn.tsx": {"lines":{"total":5,"covered":5,"skipped":0,"pct":100},"functions":{"total":3,"covered":3,"skipped":0,"pct":100},"statements":{"total":5,"covered":5,"skipped":0,"pct":100},"branches":{"total":6,"covered":4,"skipped":0,"pct":66.66}}
}
